Importer Log Report
Project : Adafruit SHT4x Trinkey.PrjPcb

Section : Analyze Document - C:\Users\etxpe\DTSC520\Module5\git\Adafruit-SHT4x-Trinkey-PCB\Adafruit SHT4x Trinkey.brd
    Analyzing data of C:\Users\etxpe\DTSC520\Module5\git\Adafruit-SHT4x-Trinkey-PCB\Adafruit SHT4x Trinkey.brd
    Load settings
    Load layers 183
    Load board
    Load Library "microbuilder"
    Load Packages 8
    Load Library "testpad"
    Load Packages 3
    ERROR: Unhandled typepackages3d
    Load Library "adafruit_electromech"
    Load Packages 2
    Load Library "adafruit_micro"
    Load Packages 1
    Load Library "adafruit_power"
    Load Packages 1
    Load Library "pinguin"
    Load Packages 8
    Load Library "adafruit_sensor"
    Load Packages 1
    ERROR: Unhandled typemfgpreviewcolors
EndSection

Section : Analyze Document - C:\Users\etxpe\DTSC520\Module5\git\Adafruit-SHT4x-Trinkey-PCB\Adafruit SHT4x Trinkey.sch
    Analyzing data of C:\Users\etxpe\DTSC520\Module5\git\Adafruit-SHT4x-Trinkey-PCB\Adafruit SHT4x Trinkey.sch
    Load settings
    Load layers 179
    Load schematic
    Load Libraries 7
    Load Library "microbuilder"
    Load Packages 32
    Load Symbols 8
    Load DeviceSets 8
    Load Library "supply1"
    Load Packages 0
    Load Symbols 1
    Load DeviceSets 1
    Load Library "testpad"
    Load Packages 38
    ERROR: Unhandled typepackages3d
    Load Symbols 1
    Load DeviceSets 1
    ERROR: Unhandled typepackage3dinstances
    ERROR: Unhandled typepackage3dinstances
    ERROR: Unhandled typepackage3dinstances
    ERROR: Unhandled typepackage3dinstances
    ERROR: Unhandled typepackage3dinstances
    ERROR: Unhandled typepackage3dinstances
    ERROR: Unhandled typepackage3dinstances
    ERROR: Unhandled typepackage3dinstances
    ERROR: Unhandled typepackage3dinstances
    ERROR: Unhandled typepackage3dinstances
    ERROR: Unhandled typepackage3dinstances
    ERROR: Unhandled typepackage3dinstances
    ERROR: Unhandled typepackage3dinstances
    ERROR: Unhandled typepackage3dinstances
    ERROR: Unhandled typepackage3dinstances
    ERROR: Unhandled typepackage3dinstances
    ERROR: Unhandled typepackage3dinstances
    ERROR: Unhandled typepackage3dinstances
    ERROR: Unhandled typepackage3dinstances
    ERROR: Unhandled typepackage3dinstances
    ERROR: Unhandled typepackage3dinstances
    ERROR: Unhandled typepackage3dinstances
    ERROR: Unhandled typepackage3dinstances
    ERROR: Unhandled typepackage3dinstances
    ERROR: Unhandled typepackage3dinstances
    ERROR: Unhandled typepackage3dinstances
    ERROR: Unhandled typepackage3dinstances
    ERROR: Unhandled typepackage3dinstances
    ERROR: Unhandled typepackage3dinstances
    ERROR: Unhandled typepackage3dinstances
    ERROR: Unhandled typepackage3dinstances
    ERROR: Unhandled typepackage3dinstances
    ERROR: Unhandled typepackage3dinstances
    ERROR: Unhandled typepackage3dinstances
    ERROR: Unhandled typepackage3dinstances
    ERROR: Unhandled typepackage3dinstances
    ERROR: Unhandled typepackage3dinstances
    ERROR: Unhandled typepackage3dinstances
    Load Library "adafruit_electromech"
    Load Packages 16
    Load Symbols 2
    Load DeviceSets 2
    Load Library "adafruit_micro"
    Load Packages 1
    Load Symbols 1
    Load DeviceSets 1
    Load Library "adafruit_power"
    Load Packages 1
    Load Symbols 1
    Load DeviceSets 1
    Load Library "adafruit_sensor"
    Load Packages 1
    Load Symbols 1
    Load DeviceSets 1
    Load Attributes 1
    Load Classes 1
    Load Parts 38
    Load Sheets 1
    ERROR: Unhandled type <errors>
EndSection
